[debug] [2023-01-05T17:25:42.957Z] ----------------------------------------------------------------------
[debug] [2023-01-05T17:25:42.964Z] Command:       C:\Program Files (x86)\nodejs\node.exe C:\Users\user\AppData\Roaming\npm\node_modules\firebase-tools\lib\bin\firebase.js deploy
[debug] [2023-01-05T17:25:42.966Z] CLI Version:   11.18.0
[debug] [2023-01-05T17:25:42.967Z] Platform:      win32
[debug] [2023-01-05T17:25:42.967Z] Node Version:  v16.15.1
[debug] [2023-01-05T17:25:42.990Z] Time:          Thu Jan 05 2023 22:55:42 GMT+0530 (India Standard Time)
[debug] [2023-01-05T17:25:42.991Z] ----------------------------------------------------------------------
[debug] 
[debug] [2023-01-05T17:25:43.270Z] > command requires scopes: ["email","openid","https://www.googleapis.com/auth/cloudplatformprojects.readonly","https://www.googleapis.com/auth/firebase","https://www.googleapis.com/auth/cloud-platform"]
[debug] [2023-01-05T17:25:43.272Z] > authorizing via signed-in user (aminulhaque419@gmail.com)
[debug] [2023-01-05T17:25:43.272Z] [iam] checking project build-services-cae53 for permissions ["firebase.projects.get","firebasehosting.sites.update"]
[debug] [2023-01-05T17:25:43.280Z] > refreshing access token with scopes: []
[debug] [2023-01-05T17:25:43.286Z] >>> [apiv2][query] POST https://www.googleapis.com/oauth2/v3/token [none]
[debug] [2023-01-05T17:25:43.287Z] >>> [apiv2][body] POST https://www.googleapis.com/oauth2/v3/token [omitted]
[debug] [2023-01-05T17:25:45.639Z] <<< [apiv2][status] POST https://www.googleapis.com/oauth2/v3/token 200
[debug] [2023-01-05T17:25:45.641Z] <<< [apiv2][body] POST https://www.googleapis.com/oauth2/v3/token [omitted]
[debug] [2023-01-05T17:25:45.762Z] >>> [apiv2][query] POST https://cloudresourcemanager.googleapis.com/v1/projects/build-services-cae53:testIamPermissions [none]
[debug] [2023-01-05T17:25:45.762Z] >>> [apiv2][(partial)header] POST https://cloudresourcemanager.googleapis.com/v1/projects/build-services-cae53:testIamPermissions x-goog-quota-user=projects/build-services-cae53
[debug] [2023-01-05T17:25:45.762Z] >>> [apiv2][body] POST https://cloudresourcemanager.googleapis.com/v1/projects/build-services-cae53:testIamPermissions {"permissions":["firebase.projects.get","firebasehosting.sites.update"]}
[debug] [2023-01-05T17:25:51.032Z] <<< [apiv2][status] POST https://cloudresourcemanager.googleapis.com/v1/projects/build-services-cae53:testIamPermissions 200
[debug] [2023-01-05T17:25:51.032Z] <<< [apiv2][body] POST https://cloudresourcemanager.googleapis.com/v1/projects/build-services-cae53:testIamPermissions {"permissions":["firebase.projects.get","firebasehosting.sites.update"]}
[debug] [2023-01-05T17:25:51.036Z] >>> [apiv2][query] GET https://firebase.googleapis.com/v1beta1/projects/build-services-cae53 [none]
[debug] [2023-01-05T17:25:56.866Z] <<< [apiv2][status] GET https://firebase.googleapis.com/v1beta1/projects/build-services-cae53 200
[debug] [2023-01-05T17:25:56.868Z] <<< [apiv2][body] GET https://firebase.googleapis.com/v1beta1/projects/build-services-cae53 {"projectId":"build-services-cae53","projectNumber":"61046599892","displayName":"build-services","name":"projects/build-services-cae53","resources":{"hostingSite":"build-services-cae53"},"state":"ACTIVE","etag":"1_bb57e9e4-5f32-4f33-8d44-b66cb0748c83"}
[info] 
[info] === Deploying to 'build-services-cae53'...
[info] 
[info] i  deploying hosting 
[debug] [2023-01-05T17:25:56.912Z] >>> [apiv2][query] POST https://firebasehosting.googleapis.com/v1beta1/projects/-/sites/build-services-cae53/versions [none]
[debug] [2023-01-05T17:25:56.913Z] >>> [apiv2][body] POST https://firebasehosting.googleapis.com/v1beta1/projects/-/sites/build-services-cae53/versions {"status":"CREATED","labels":{"deployment-tool":"cli-firebase"}}
[debug] [2023-01-05T17:26:00.019Z] <<< [apiv2][status] POST https://firebasehosting.googleapis.com/v1beta1/projects/-/sites/build-services-cae53/versions 200
[debug] [2023-01-05T17:26:00.019Z] <<< [apiv2][body] POST https://firebasehosting.googleapis.com/v1beta1/projects/-/sites/build-services-cae53/versions {"name":"projects/61046599892/sites/build-services-cae53/versions/0839f68fa5215e6e","status":"CREATED","config":{},"labels":{"deployment-tool":"cli-firebase"}}
[info] i  hosting[build-services-cae53]: beginning deploy... 
[info] i  hosting[build-services-cae53]: found 15 files in build 
[debug] [2023-01-05T17:26:01.433Z] [hosting] uploading with 200 concurrency
[debug] [2023-01-05T17:26:02.410Z] [hosting] hash cache [YnVpbGQ] stored for 15 files
[debug] [2023-01-05T17:26:02.410Z] [hosting][hash queue][FINAL] {"max":933,"min":6,"avg":90.06666666666666,"active":0,"complete":15,"success":15,"errored":0,"retried":0,"total":15,"elapsed":952}
[debug] [2023-01-05T17:26:02.411Z] >>> [apiv2][query] POST https://firebasehosting.googleapis.com/v1beta1/projects/61046599892/sites/build-services-cae53/versions/0839f68fa5215e6e:populateFiles [none]
[debug] [2023-01-05T17:26:02.412Z] >>> [apiv2][body] POST https://firebasehosting.googleapis.com/v1beta1/projects/61046599892/sites/build-services-cae53/versions/0839f68fa5215e6e:populateFiles {"files":{"/favicon.ico":"346936ac594227a02f374be75243795b3f99d364626a57011e4c6899642d4e3b","/logo192.png":"3ee59515172ee198f3be375979df15ac5345183e656720a381b8872b2a39dc8b","/logo512.png":"ee7e2f3fdb8209c4b6fd7bef6ba50d1b9dba30a25bb5c3126df057e1cb6f5331","/manifest.json":"aff3449bdc238776f5d6d967f19ec491b36aed5fb7f23ccff6500736fd58494a","/robots.txt":"bfe106a3fb878dc83461c86818bf74fc1bdc7f28538ba613cd3e775516ce8b49","/services.json":"46b50c321b39e89a491b6727a01628c34245605a30beb3e7414c5e01cff90e6e","/asset-manifest.json":"9f94cbeeaf2ba2a14ff0402873c747bec4d005bcf6e356d4dc75b300a90b911b","/index.html":"df3a84d5c06b660d3cc04aec6ac32de823f9b14c0ac7d10c12a1704c0884785e","/static/js/787.bccf9166.chunk.js":"ef519a6dc1dbfaf4ff235e7ea3aee94564454ba2d9e7c9ba6d5050b8c78142a5","/static/js/787.bccf9166.chunk.js.map":"86bb311a61e79139c5ac213dd8410b0d06e8d1adab510c94786f5fc9c5b231f5","/static/js/main.bc9f42e9.js.LICENSE.txt":"9976ce5e188a0d21517edc9219fbbe9ab5b697a8025a066acdc2f477fb3278a6","/static/css/main.e395d685.css.map":"8e52a95b87bede20ff08929da64b08852ebaf4a6709f326d966403c9b70feb7a","/static/css/main.e395d685.css":"a0b3cf4084d52cdf923745310bbc35019fa507e553a8ca38a6a7ee081fd93b5e","/static/js/main.bc9f42e9.js":"7ec276c3d379c96f98d15c366e9c768ed41a00d90d676a71f0b864344147ef3b","/static/js/main.bc9f42e9.js.map":"bb661562e1edc47d61e410cc68320dd7a0dcbeca3680819fe9027569bf7d00af"}}
[debug] [2023-01-05T17:26:05.201Z] <<< [apiv2][status] POST https://firebasehosting.googleapis.com/v1beta1/projects/61046599892/sites/build-services-cae53/versions/0839f68fa5215e6e:populateFiles 200
[debug] [2023-01-05T17:26:05.202Z] <<< [apiv2][body] POST https://firebasehosting.googleapis.com/v1beta1/projects/61046599892/sites/build-services-cae53/versions/0839f68fa5215e6e:populateFiles {"uploadRequiredHashes":["9f94cbeeaf2ba2a14ff0402873c747bec4d005bcf6e356d4dc75b300a90b911b","bb661562e1edc47d61e410cc68320dd7a0dcbeca3680819fe9027569bf7d00af","a0b3cf4084d52cdf923745310bbc35019fa507e553a8ca38a6a7ee081fd93b5e","df3a84d5c06b660d3cc04aec6ac32de823f9b14c0ac7d10c12a1704c0884785e","8e52a95b87bede20ff08929da64b08852ebaf4a6709f326d966403c9b70feb7a","7ec276c3d379c96f98d15c366e9c768ed41a00d90d676a71f0b864344147ef3b"],"uploadUrl":"https://upload-firebasehosting.googleapis.com/upload/sites/build-services-cae53/versions/0839f68fa5215e6e/files"}
[debug] [2023-01-05T17:26:05.209Z] >>> [apiv2][query] POST https://upload-firebasehosting.googleapis.com/upload/sites/build-services-cae53/versions/0839f68fa5215e6e/files/9f94cbeeaf2ba2a14ff0402873c747bec4d005bcf6e356d4dc75b300a90b911b [none]
[debug] [2023-01-05T17:26:05.210Z] >>> [apiv2][body] POST https://upload-firebasehosting.googleapis.com/upload/sites/build-services-cae53/versions/0839f68fa5215e6e/files/9f94cbeeaf2ba2a14ff0402873c747bec4d005bcf6e356d4dc75b300a90b911b [stream]
[debug] [2023-01-05T17:26:05.217Z] >>> [apiv2][query] POST https://upload-firebasehosting.googleapis.com/upload/sites/build-services-cae53/versions/0839f68fa5215e6e/files/bb661562e1edc47d61e410cc68320dd7a0dcbeca3680819fe9027569bf7d00af [none]
[debug] [2023-01-05T17:26:05.218Z] >>> [apiv2][body] POST https://upload-firebasehosting.googleapis.com/upload/sites/build-services-cae53/versions/0839f68fa5215e6e/files/bb661562e1edc47d61e410cc68320dd7a0dcbeca3680819fe9027569bf7d00af [stream]
[debug] [2023-01-05T17:26:05.225Z] >>> [apiv2][query] POST https://upload-firebasehosting.googleapis.com/upload/sites/build-services-cae53/versions/0839f68fa5215e6e/files/a0b3cf4084d52cdf923745310bbc35019fa507e553a8ca38a6a7ee081fd93b5e [none]
[debug] [2023-01-05T17:26:05.226Z] >>> [apiv2][body] POST https://upload-firebasehosting.googleapis.com/upload/sites/build-services-cae53/versions/0839f68fa5215e6e/files/a0b3cf4084d52cdf923745310bbc35019fa507e553a8ca38a6a7ee081fd93b5e [stream]
[debug] [2023-01-05T17:26:05.231Z] >>> [apiv2][query] POST https://upload-firebasehosting.googleapis.com/upload/sites/build-services-cae53/versions/0839f68fa5215e6e/files/df3a84d5c06b660d3cc04aec6ac32de823f9b14c0ac7d10c12a1704c0884785e [none]
[debug] [2023-01-05T17:26:05.232Z] >>> [apiv2][body] POST https://upload-firebasehosting.googleapis.com/upload/sites/build-services-cae53/versions/0839f68fa5215e6e/files/df3a84d5c06b660d3cc04aec6ac32de823f9b14c0ac7d10c12a1704c0884785e [stream]
[debug] [2023-01-05T17:26:05.237Z] >>> [apiv2][query] POST https://upload-firebasehosting.googleapis.com/upload/sites/build-services-cae53/versions/0839f68fa5215e6e/files/8e52a95b87bede20ff08929da64b08852ebaf4a6709f326d966403c9b70feb7a [none]
[debug] [2023-01-05T17:26:05.238Z] >>> [apiv2][body] POST https://upload-firebasehosting.googleapis.com/upload/sites/build-services-cae53/versions/0839f68fa5215e6e/files/8e52a95b87bede20ff08929da64b08852ebaf4a6709f326d966403c9b70feb7a [stream]
[debug] [2023-01-05T17:26:05.243Z] >>> [apiv2][query] POST https://upload-firebasehosting.googleapis.com/upload/sites/build-services-cae53/versions/0839f68fa5215e6e/files/7ec276c3d379c96f98d15c366e9c768ed41a00d90d676a71f0b864344147ef3b [none]
[debug] [2023-01-05T17:26:05.243Z] >>> [apiv2][body] POST https://upload-firebasehosting.googleapis.com/upload/sites/build-services-cae53/versions/0839f68fa5215e6e/files/7ec276c3d379c96f98d15c366e9c768ed41a00d90d676a71f0b864344147ef3b [stream]
[debug] [2023-01-05T17:26:05.249Z] [hosting][populate queue][FINAL] {"max":2803,"min":2803,"avg":2803,"active":0,"complete":1,"success":1,"errored":0,"retried":0,"total":1,"elapsed":2844}
[debug] [2023-01-05T17:26:05.250Z] [hosting] uploads queued: 6
[debug] [2023-01-05T17:26:09.057Z] <<< [apiv2][status] POST https://upload-firebasehosting.googleapis.com/upload/sites/build-services-cae53/versions/0839f68fa5215e6e/files/9f94cbeeaf2ba2a14ff0402873c747bec4d005bcf6e356d4dc75b300a90b911b 200
[debug] [2023-01-05T17:26:09.057Z] <<< [apiv2][body] POST https://upload-firebasehosting.googleapis.com/upload/sites/build-services-cae53/versions/0839f68fa5215e6e/files/9f94cbeeaf2ba2a14ff0402873c747bec4d005bcf6e356d4dc75b300a90b911b [stream]
[debug] [2023-01-05T17:26:09.830Z] <<< [apiv2][status] POST https://upload-firebasehosting.googleapis.com/upload/sites/build-services-cae53/versions/0839f68fa5215e6e/files/8e52a95b87bede20ff08929da64b08852ebaf4a6709f326d966403c9b70feb7a 200
[debug] [2023-01-05T17:26:09.831Z] <<< [apiv2][body] POST https://upload-firebasehosting.googleapis.com/upload/sites/build-services-cae53/versions/0839f68fa5215e6e/files/8e52a95b87bede20ff08929da64b08852ebaf4a6709f326d966403c9b70feb7a [stream]
[debug] [2023-01-05T17:26:10.236Z] <<< [apiv2][status] POST https://upload-firebasehosting.googleapis.com/upload/sites/build-services-cae53/versions/0839f68fa5215e6e/files/df3a84d5c06b660d3cc04aec6ac32de823f9b14c0ac7d10c12a1704c0884785e 200
[debug] [2023-01-05T17:26:10.237Z] <<< [apiv2][body] POST https://upload-firebasehosting.googleapis.com/upload/sites/build-services-cae53/versions/0839f68fa5215e6e/files/df3a84d5c06b660d3cc04aec6ac32de823f9b14c0ac7d10c12a1704c0884785e [stream]
[debug] [2023-01-05T17:26:10.693Z] <<< [apiv2][status] POST https://upload-firebasehosting.googleapis.com/upload/sites/build-services-cae53/versions/0839f68fa5215e6e/files/7ec276c3d379c96f98d15c366e9c768ed41a00d90d676a71f0b864344147ef3b 200
[debug] [2023-01-05T17:26:10.693Z] <<< [apiv2][body] POST https://upload-firebasehosting.googleapis.com/upload/sites/build-services-cae53/versions/0839f68fa5215e6e/files/7ec276c3d379c96f98d15c366e9c768ed41a00d90d676a71f0b864344147ef3b [stream]
[debug] [2023-01-05T17:26:10.803Z] <<< [apiv2][status] POST https://upload-firebasehosting.googleapis.com/upload/sites/build-services-cae53/versions/0839f68fa5215e6e/files/bb661562e1edc47d61e410cc68320dd7a0dcbeca3680819fe9027569bf7d00af 200
[debug] [2023-01-05T17:26:10.803Z] <<< [apiv2][body] POST https://upload-firebasehosting.googleapis.com/upload/sites/build-services-cae53/versions/0839f68fa5215e6e/files/bb661562e1edc47d61e410cc68320dd7a0dcbeca3680819fe9027569bf7d00af [stream]
[debug] [2023-01-05T17:26:14.255Z] <<< [apiv2][status] POST https://upload-firebasehosting.googleapis.com/upload/sites/build-services-cae53/versions/0839f68fa5215e6e/files/a0b3cf4084d52cdf923745310bbc35019fa507e553a8ca38a6a7ee081fd93b5e 200
[debug] [2023-01-05T17:26:14.263Z] <<< [apiv2][body] POST https://upload-firebasehosting.googleapis.com/upload/sites/build-services-cae53/versions/0839f68fa5215e6e/files/a0b3cf4084d52cdf923745310bbc35019fa507e553a8ca38a6a7ee081fd93b5e [stream]
[debug] [2023-01-05T17:26:14.263Z] [hosting][upload queue][FINAL] {"max":9058,"min":3856,"avg":5609.333333333333,"active":0,"complete":6,"success":6,"errored":0,"retried":0,"total":6,"elapsed":9061}
[info] +  hosting[build-services-cae53]: file upload complete 
[debug] [2023-01-05T17:26:14.271Z] [hosting] deploy completed after 12877ms
[debug] [2023-01-05T17:26:14.286Z] [
  {
    "config": {
      "public": "build",
      "ignore": [
        "firebase.json",
        "**/.*",
        "**/node_modules/**"
      ],
      "rewrites": [
        {
          "source": "**",
          "destination": "/index.html"
        }
      ],
      "site": "build-services-cae53"
    },
    "version": "projects/61046599892/sites/build-services-cae53/versions/0839f68fa5215e6e"
  }
]
[info] i  hosting[build-services-cae53]: finalizing version... 
[debug] [2023-01-05T17:26:14.298Z] >>> [apiv2][query] PATCH https://firebasehosting.googleapis.com/v1beta1/projects/-/sites/build-services-cae53/versions/0839f68fa5215e6e updateMask=status%2Cconfig
[debug] [2023-01-05T17:26:14.298Z] >>> [apiv2][body] PATCH https://firebasehosting.googleapis.com/v1beta1/projects/-/sites/build-services-cae53/versions/0839f68fa5215e6e {"status":"FINALIZED","config":{"rewrites":[{"glob":"**","path":"/index.html"}]}}
[debug] [2023-01-05T17:26:16.764Z] <<< [apiv2][status] PATCH https://firebasehosting.googleapis.com/v1beta1/projects/-/sites/build-services-cae53/versions/0839f68fa5215e6e 200
[debug] [2023-01-05T17:26:16.764Z] <<< [apiv2][body] PATCH https://firebasehosting.googleapis.com/v1beta1/projects/-/sites/build-services-cae53/versions/0839f68fa5215e6e {"name":"projects/61046599892/sites/build-services-cae53/versions/0839f68fa5215e6e","status":"FINALIZED","config":{"rewrites":[{"glob":"**","path":"/index.html"}]},"labels":{"deployment-tool":"cli-firebase"},"createTime":"2023-01-05T16:56:26.687634Z","createUser":{"email":"aminulhaque419@gmail.com"},"finalizeTime":"2023-01-05T16:56:43.857020Z","finalizeUser":{"email":"aminulhaque419@gmail.com"}}
[debug] [2023-01-05T17:26:16.764Z] [hosting] finalized version for build-services-cae53:[object Object]
[info] +  hosting[build-services-cae53]: version finalized 
[info] i  hosting[build-services-cae53]: releasing new version... 
[debug] [2023-01-05T17:26:16.770Z] >>> [apiv2][query] POST https://firebasehosting.googleapis.com/v1beta1/projects/-/sites/build-services-cae53/channels/live/releases versionName=projects%2F61046599892%2Fsites%2Fbuild-services-cae53%2Fversions%2F0839f68fa5215e6e
[debug] [2023-01-05T17:26:16.770Z] >>> [apiv2][body] POST https://firebasehosting.googleapis.com/v1beta1/projects/-/sites/build-services-cae53/channels/live/releases {}
[debug] [2023-01-05T17:26:19.249Z] <<< [apiv2][status] POST https://firebasehosting.googleapis.com/v1beta1/projects/-/sites/build-services-cae53/channels/live/releases 200
[debug] [2023-01-05T17:26:19.250Z] <<< [apiv2][body] POST https://firebasehosting.googleapis.com/v1beta1/projects/-/sites/build-services-cae53/channels/live/releases {"name":"projects/61046599892/sites/build-services-cae53/channels/live/releases/1672937805648135","version":{"name":"projects/61046599892/sites/build-services-cae53/versions/0839f68fa5215e6e","status":"FINALIZED","config":{"rewrites":[{"glob":"**","path":"/index.html"}]},"labels":{"deployment-tool":"cli-firebase"},"createTime":"2023-01-05T16:56:26.687634Z","createUser":{"email":"aminulhaque419@gmail.com","imageUrl":"https://lh3.googleusercontent.com/a/AEdFTp5CWRdDTRYNne4ZdQkSNSg_B2FH1wDBkPfBGYY7rA"},"finalizeTime":"2023-01-05T16:56:43.857020Z","finalizeUser":{"email":"aminulhaque419@gmail.com","imageUrl":"https://lh3.googleusercontent.com/a/AEdFTp5CWRdDTRYNne4ZdQkSNSg_B2FH1wDBkPfBGYY7rA"}},"type":"DEPLOY","releaseTime":"2023-01-05T16:56:45.648135421Z","releaseUser":{"email":"aminulhaque419@gmail.com","imageUrl":"https://lh3.googleusercontent.com/a/AEdFTp5CWRdDTRYNne4ZdQkSNSg_B2FH1wDBkPfBGYY7rA"}}
[debug] [2023-01-05T17:26:19.250Z] [hosting] release: {"name":"projects/61046599892/sites/build-services-cae53/channels/live/releases/1672937805648135","version":{"name":"projects/61046599892/sites/build-services-cae53/versions/0839f68fa5215e6e","status":"FINALIZED","config":{"rewrites":[{"glob":"**","path":"/index.html"}]},"labels":{"deployment-tool":"cli-firebase"},"createTime":"2023-01-05T16:56:26.687634Z","createUser":{"email":"aminulhaque419@gmail.com","imageUrl":"https://lh3.googleusercontent.com/a/AEdFTp5CWRdDTRYNne4ZdQkSNSg_B2FH1wDBkPfBGYY7rA"},"finalizeTime":"2023-01-05T16:56:43.857020Z","finalizeUser":{"email":"aminulhaque419@gmail.com","imageUrl":"https://lh3.googleusercontent.com/a/AEdFTp5CWRdDTRYNne4ZdQkSNSg_B2FH1wDBkPfBGYY7rA"}},"type":"DEPLOY","releaseTime":"2023-01-05T16:56:45.648135421Z","releaseUser":{"email":"aminulhaque419@gmail.com","imageUrl":"https://lh3.googleusercontent.com/a/AEdFTp5CWRdDTRYNne4ZdQkSNSg_B2FH1wDBkPfBGYY7rA"}}
[info] +  hosting[build-services-cae53]: release complete 
[info] 
[info] +  Deploy complete! 
[info] 
[info] Project Console: https://console.firebase.google.com/project/build-services-cae53/overview
[info] Hosting URL: https://build-services-cae53.web.app
[debug] [2023-01-05T17:26:32.254Z] Error: Timed out.
    at Timeout._onTimeout (C:\Users\user\AppData\Roaming\npm\node_modules\firebase-tools\lib\utils.js:253:49)
    at listOnTimeout (node:internal/timers:559:17)
    at processTimers (node:internal/timers:502:7)
[error] 
[error] Error: An unexpected error has occurred.
